# JRE version: OpenJDK Runtime Environment Temurin-17.0.15+6 (17.0.15+6) (build 17.0.15+6)
# Java VM: OpenJDK 64-Bit Server VM Temurin-17.0.15+6 (17.0.15+6, mixed mode, sharing, tiered, compressed oops, compressed class ptrs, g1 gc, windows-amd64)
GC Precious Log:
 CPUs: 4 total, 4 available
 Memory: 3921M
 Large Page Support: Disabled
 NUMA Support: Disabled
 Compressed Oops: Enabled (32-bit)
 Heap Region Size: 1M
 Heap Min Capacity: 8M
 Heap Initial Capacity: 62M
 Heap Max Capacity: 982M
 Pre-touch: Disabled
 Parallel Workers: 4
 Concurrent Workers: 1
 Concurrent Refinement Workers: 4
 Periodic GC: Disabled
Heap:
 garbage-first heap   total 375808K, used 328235K [0x00000000c2a00000, 0x0000000100000000)
  region size 1024K, 13 young (13312K), 1 survivors (1024K)
 Metaspace       used 78591K, committed 79232K, reserved 1179648K
  class space    used 8765K, committed 9088K, reserved 1048576K
GC Heap History (20 events):
Event: 780.597 GC heap before
{Heap before GC invocations=94 (full 0):
 garbage-first heap   total 375808K, used 324608K [0x00000000c2a00000, 0x0000000100000000)
  region size 1024K, 47 young (48128K), 5 survivors (5120K)
 Metaspace       used 78489K, committed 79104K, reserved 1179648K
  class space    used 8775K, committed 9088K, reserved 1048576K
}
Event: 780.678 GC heap after
{Heap after GC invocations=95 (full 0):
 garbage-first heap   total 375808K, used 284328K [0x00000000c2a00000, 0x0000000100000000)
  region size 1024K, 6 young (6144K), 6 survivors (6144K)
 Metaspace       used 78489K, committed 79104K, reserved 1179648K
  class space    used 8775K, committed 9088K, reserved 1048576K
}
Event: 783.553 GC heap before
{Heap before GC invocations=95 (full 0):
 garbage-first heap   total 375808K, used 321192K [0x00000000c2a00000, 0x0000000100000000)
  region size 1024K, 42 young (43008K), 6 survivors (6144K)
 Metaspace       used 78511K, committed 79104K, reserved 1179648K
  class space    used 8775K, committed 9088K, reserved 1048576K
}
Event: 783.601 GC heap after
{Heap after GC invocations=96 (full 0):
 garbage-first heap   total 375808K, used 288351K [0x00000000c2a00000, 0x0000000100000000)
  region size 1024K, 4 young (4096K), 4 survivors (4096K)
 Metaspace       used 78511K, committed 79104K, reserved 1179648K
  class space    used 8775K, committed 9088K, reserved 1048576K
}
Event: 794.132 GC heap before
{Heap before GC invocations=96 (full 0):
 garbage-first heap   total 375808K, used 325215K [0x00000000c2a00000, 0x0000000100000000)
  region size 1024K, 38 young (38912K), 4 survivors (4096K)
 Metaspace       used 78558K, committed 79168K, reserved 1179648K
  class space    used 8777K, committed 9088K, reserved 1048576K
}
Event: 794.180 GC heap after
{Heap after GC invocations=97 (full 0):
 garbage-first heap   total 375808K, used 295412K [0x00000000c2a00000, 0x0000000100000000)
  region size 1024K, 5 young (5120K), 5 survivors (5120K)
 Metaspace       used 78558K, committed 79168K, reserved 1179648K
  class space    used 8777K, committed 9088K, reserved 1048576K
}
Event: 797.952 GC heap before
{Heap before GC invocations=97 (full 0):
 garbage-first heap   total 375808K, used 325108K [0x00000000c2a00000, 0x0000000100000000)
  region size 1024K, 34 young (34816K), 5 survivors (5120K)
 Metaspace       used 78558K, committed 79168K, reserved 1179648K
  class space    used 8777K, committed 9088K, reserved 1048576K
}
Event: 797.998 GC heap after
{Heap after GC invocations=98 (full 0):
 garbage-first heap   total 375808K, used 298421K [0x00000000c2a00000, 0x0000000100000000)
  region size 1024K, 3 young (3072K), 3 survivors (3072K)
 Metaspace       used 78558K, committed 79168K, reserved 1179648K
  class space    used 8777K, committed 9088K, reserved 1048576K
}
Event: 798.841 GC heap before
{Heap before GC invocations=98 (full 0):
 garbage-first heap   total 375808K, used 327093K [0x00000000c2a00000, 0x0000000100000000)
  region size 1024K, 31 young (31744K), 3 survivors (3072K)
 Metaspace       used 78564K, committed 79168K, reserved 1179648K
  class space    used 8777K, committed 9088K, reserved 1048576K
}
Event: 798.867 GC heap after
{Heap after GC invocations=99 (full 0):
 garbage-first heap   total 375808K, used 301926K [0x00000000c2a00000, 0x0000000100000000)
  region size 1024K, 4 young (4096K), 4 survivors (4096K)
 Metaspace       used 78564K, committed 79168K, reserved 1179648K
  class space    used 8777K, committed 9088K, reserved 1048576K
}
Event: 800.169 GC heap before
{Heap before GC invocations=99 (full 0):
 garbage-first heap   total 375808K, used 327526K [0x00000000c2a00000, 0x0000000100000000)
  region size 1024K, 29 young (29696K), 4 survivors (4096K)
 Metaspace       used 78564K, committed 79168K, reserved 1179648K
  class space    used 8777K, committed 9088K, reserved 1048576K
}
Event: 800.212 GC heap after
{Heap after GC invocations=100 (full 0):
 garbage-first heap   total 375808K, used 305610K [0x00000000c2a00000, 0x0000000100000000)
  region size 1024K, 4 young (4096K), 4 survivors (4096K)
 Metaspace       used 78564K, committed 79168K, reserved 1179648K
  class space    used 8777K, committed 9088K, reserved 1048576K
}
Event: 803.628 GC heap before
{Heap before GC invocations=100 (full 0):
 garbage-first heap   total 375808K, used 327114K [0x00000000c2a00000, 0x0000000100000000)
  region size 1024K, 26 young (26624K), 4 survivors (4096K)
 Metaspace       used 78607K, committed 79168K, reserved 1179648K
  class space    used 8779K, committed 9088K, reserved 1048576K
}
Event: 803.691 GC heap after
{Heap after GC invocations=101 (full 0):
 garbage-first heap   total 375808K, used 310427K [0x00000000c2a00000, 0x0000000100000000)
  region size 1024K, 4 young (4096K), 4 survivors (4096K)
 Metaspace       used 78607K, committed 79168K, reserved 1179648K
  class space    used 8779K, committed 9088K, reserved 1048576K
}
Event: 804.616 GC heap before
{Heap before GC invocations=101 (full 0):
 garbage-first heap   total 375808K, used 327835K [0x00000000c2a00000, 0x0000000100000000)
  region size 1024K, 21 young (21504K), 4 survivors (4096K)
 Metaspace       used 78608K, committed 79168K, reserved 1179648K
  class space    used 8779K, committed 9088K, reserved 1048576K
}
Event: 804.661 GC heap after
{Heap after GC invocations=102 (full 0):
 garbage-first heap   total 375808K, used 313641K [0x00000000c2a00000, 0x0000000100000000)
  region size 1024K, 3 young (3072K), 3 survivors (3072K)
 Metaspace       used 78608K, committed 79168K, reserved 1179648K
  class space    used 8779K, committed 9088K, reserved 1048576K
}
Event: 806.430 GC heap before
{Heap before GC invocations=102 (full 0):
 garbage-first heap   total 375808K, used 330025K [0x00000000c2a00000, 0x0000000100000000)
  region size 1024K, 18 young (18432K), 3 survivors (3072K)
 Metaspace       used 78613K, committed 79232K, reserved 1179648K
  class space    used 8780K, committed 9088K, reserved 1048576K
}
Event: 806.472 GC heap after
{Heap after GC invocations=103 (full 0):
 garbage-first heap   total 375808K, used 317187K [0x00000000c2a00000, 0x0000000100000000)
  region size 1024K, 3 young (3072K), 3 survivors (3072K)
 Metaspace       used 78613K, committed 79232K, reserved 1179648K
  class space    used 8780K, committed 9088K, reserved 1048576K
}
Event: 806.795 GC heap before
{Heap before GC invocations=103 (full 0):
 garbage-first heap   total 375808K, used 332547K [0x00000000c2a00000, 0x0000000100000000)
  region size 1024K, 18 young (18432K), 3 survivors (3072K)
 Metaspace       used 78613K, committed 79232K, reserved 1179648K
  class space    used 8780K, committed 9088K, reserved 1048576K
}
Event: 806.815 GC heap after
{Heap after GC invocations=104 (full 0):
 garbage-first heap   total 375808K, used 316971K [0x00000000c2a00000, 0x0000000100000000)
  region size 1024K, 1 young (1024K), 1 survivors (1024K)
 Metaspace       used 78613K, committed 79232K, reserved 1179648K
  class space    used 8780K, committed 9088K, reserved 1048576K
}

